  Test.cpp
E:\草稿箱\daily\Project56\Test.cpp(56,12): warning C4244: “参数”: 从“time_t”转换到“unsigned int”，可能丢失数据
E:\草稿箱\daily\Project56\PriorityQueue.h(113,1): warning C4267: “参数”: 从“size_t”转换到“int”，可能丢失数据
E:\草稿箱\daily\Project56\PriorityQueue.h(110,1): message : 在编译 类 模板 成员函数“void bit::priority_queue<bit::Date,std::vector<T,std::allocator<T>>,std::less<T>>::push(const T &)”时
          with
          [
              T=bit::Date
          ]
E:\草稿箱\daily\Project56\PriorityQueue.h(197,10): message : 查看对正在编译的函数 模板 实例化“void bit::priority_queue<bit::Date,std::vector<T,std::allocator<T>>,std::less<T>>::push(const T &)”的引用
          with
          [
              T=bit::Date
          ]
E:\草稿箱\daily\Project56\PriorityQueue.h(195,24): message : 查看对正在编译的 类 模板 实例化“bit::priority_queue<bit::Date,std::vector<T,std::allocator<T>>,std::less<T>>”的引用
          with
          [
              T=bit::Date
          ]
E:\草稿箱\daily\Project56\PriorityQueue.h(50,1): warning C4267: “=”: 从“size_t”转换到“int”，可能丢失数据
E:\草稿箱\daily\Project56\PriorityQueue.h(33,1): message : 在编译 类 模板 成员函数“void bit::priority_queue<bit::Date,std::vector<T,std::allocator<T>>,std::less<T>>::AdjustDown(int)”时
          with
          [
              T=bit::Date
          ]
E:\草稿箱\daily\Project56\PriorityQueue.h(106,14): message : 查看对正在编译的函数 模板 实例化“void bit::priority_queue<bit::Date,std::vector<T,std::allocator<T>>,std::less<T>>::AdjustDown(int)”的引用
          with
          [
              T=bit::Date
          ]
  Project56.vcxproj -> E:\草稿箱\daily\Project56\x64\Debug\Project56.exe
